Error: Could not connect to any servers in your MongoDB Atlas cluster. One common reason is that you're trying to access the database from an IP that isn't whitelisted. Make sure your current IP address is on your Atlas cluster's IP whitelist: https://www.mongodb.com/docs/atlas/security-whitelist/
MongoDB connection failed. API will stay online, but database routes may fail until MONGO_URI/network access is fixed.
Login Server Error: MongooseError: Cannot call `users.findOne()` before initial connection is complete if `bufferCommands = false`. Make sure you `await mongoose.connect()` if you have `bufferCommands = false`.
    at NativeCollection.<computed> [as findOne] (C:\Users\user\OneDrive\Desktop\SyntaxSquad-AiInvoiceAnalyzer\backend\node_modules\mongoose\lib\drivers\node-mongodb-native\collection.js:192:15)
    at model.Query._findOne (C:\Users\user\OneDrive\Desktop\SyntaxSquad-AiInvoiceAnalyzer\backend\node_modules\mongoose\lib\query.js:2771:45)
    at model.Query.exec (C:\Users\user\OneDrive\Desktop\SyntaxSquad-AiInvoiceAnalyzer\backend\node_modules\mongoose\lib\query.js:4797:80)
    at process.processTicksAndRejections (node:internal/process/task_queues:104:5)
    at async loginUser (C:\Users\user\OneDrive\Desktop\SyntaxSquad-AiInvoiceAnalyzer\backend\controllers\authController.js:63:18)
Login Server Error: MongooseError: Cannot call `users.findOne()` before initial connection is complete if `bufferCommands = false`. Make sure you `await mongoose.connect()` if you have `bufferCommands = false`.
    at NativeCollection.<computed> [as findOne] (C:\Users\user\OneDrive\Desktop\SyntaxSquad-AiInvoiceAnalyzer\backend\node_modules\mongoose\lib\drivers\node-mongodb-native\collection.js:192:15)
    at model.Query._findOne (C:\Users\user\OneDrive\Desktop\SyntaxSquad-AiInvoiceAnalyzer\backend\node_modules\mongoose\lib\query.js:2771:45)
    at model.Query.exec (C:\Users\user\OneDrive\Desktop\SyntaxSquad-AiInvoiceAnalyzer\backend\node_modules\mongoose\lib\query.js:4797:80)
    at process.processTicksAndRejections (node:internal/process/task_queues:104:5)
    at async loginUser (C:\Users\user\OneDrive\Desktop\SyntaxSquad-AiInvoiceAnalyzer\backend\controllers\authController.js:63:18)
Login Server Error: MongooseError: Cannot call `users.findOne()` before initial connection is complete if `bufferCommands = false`. Make sure you `await mongoose.connect()` if you have `bufferCommands = false`.
    at NativeCollection.<computed> [as findOne] (C:\Users\user\OneDrive\Desktop\SyntaxSquad-AiInvoiceAnalyzer\backend\node_modules\mongoose\lib\drivers\node-mongodb-native\collection.js:192:15)
    at model.Query._findOne (C:\Users\user\OneDrive\Desktop\SyntaxSquad-AiInvoiceAnalyzer\backend\node_modules\mongoose\lib\query.js:2771:45)
    at model.Query.exec (C:\Users\user\OneDrive\Desktop\SyntaxSquad-AiInvoiceAnalyzer\backend\node_modules\mongoose\lib\query.js:4797:80)
    at process.processTicksAndRejections (node:internal/process/task_queues:104:5)
    at async loginUser (C:\Users\user\OneDrive\Desktop\SyntaxSquad-AiInvoiceAnalyzer\backend\controllers\authController.js:63:18)
Registration Server Error: MongooseError: Cannot call `users.findOne()` before initial connection is complete if `bufferCommands = false`. Make sure you `await mongoose.connect()` if you have `bufferCommands = false`.
    at NativeCollection.<computed> [as findOne] (C:\Users\user\OneDrive\Desktop\SyntaxSquad-AiInvoiceAnalyzer\backend\node_modules\mongoose\lib\drivers\node-mongodb-native\collection.js:192:15)
    at model.Query._findOne (C:\Users\user\OneDrive\Desktop\SyntaxSquad-AiInvoiceAnalyzer\backend\node_modules\mongoose\lib\query.js:2771:45)
    at model.Query.exec (C:\Users\user\OneDrive\Desktop\SyntaxSquad-AiInvoiceAnalyzer\backend\node_modules\mongoose\lib\query.js:4797:80)
    at process.processTicksAndRejections (node:internal/process/task_queues:104:5)
    at async registerUser (C:\Users\user\OneDrive\Desktop\SyntaxSquad-AiInvoiceAnalyzer\backend\controllers\authController.js:18:24)
Registration Server Error: MongooseError: Cannot call `users.findOne()` before initial connection is complete if `bufferCommands = false`. Make sure you `await mongoose.connect()` if you have `bufferCommands = false`.
    at NativeCollection.<computed> [as findOne] (C:\Users\user\OneDrive\Desktop\SyntaxSquad-AiInvoiceAnalyzer\backend\node_modules\mongoose\lib\drivers\node-mongodb-native\collection.js:192:15)
    at model.Query._findOne (C:\Users\user\OneDrive\Desktop\SyntaxSquad-AiInvoiceAnalyzer\backend\node_modules\mongoose\lib\query.js:2771:45)
    at model.Query.exec (C:\Users\user\OneDrive\Desktop\SyntaxSquad-AiInvoiceAnalyzer\backend\node_modules\mongoose\lib\query.js:4797:80)
    at process.processTicksAndRejections (node:internal/process/task_queues:104:5)
    at async registerUser (C:\Users\user\OneDrive\Desktop\SyntaxSquad-AiInvoiceAnalyzer\backend\controllers\authController.js:18:24)
Registration Server Error: MongooseError: Cannot call `users.findOne()` before initial connection is complete if `bufferCommands = false`. Make sure you `await mongoose.connect()` if you have `bufferCommands = false`.
    at NativeCollection.<computed> [as findOne] (C:\Users\user\OneDrive\Desktop\SyntaxSquad-AiInvoiceAnalyzer\backend\node_modules\mongoose\lib\drivers\node-mongodb-native\collection.js:192:15)
    at model.Query._findOne (C:\Users\user\OneDrive\Desktop\SyntaxSquad-AiInvoiceAnalyzer\backend\node_modules\mongoose\lib\query.js:2771:45)
    at model.Query.exec (C:\Users\user\OneDrive\Desktop\SyntaxSquad-AiInvoiceAnalyzer\backend\node_modules\mongoose\lib\query.js:4797:80)
    at process.processTicksAndRejections (node:internal/process/task_queues:104:5)
    at async registerUser (C:\Users\user\OneDrive\Desktop\SyntaxSquad-AiInvoiceAnalyzer\backend\controllers\authController.js:18:24)
Registration Server Error: MongooseError: Cannot call `users.findOne()` before initial connection is complete if `bufferCommands = false`. Make sure you `await mongoose.connect()` if you have `bufferCommands = false`.
    at NativeCollection.<computed> [as findOne] (C:\Users\user\OneDrive\Desktop\SyntaxSquad-AiInvoiceAnalyzer\backend\node_modules\mongoose\lib\drivers\node-mongodb-native\collection.js:192:15)
    at model.Query._findOne (C:\Users\user\OneDrive\Desktop\SyntaxSquad-AiInvoiceAnalyzer\backend\node_modules\mongoose\lib\query.js:2771:45)
    at model.Query.exec (C:\Users\user\OneDrive\Desktop\SyntaxSquad-AiInvoiceAnalyzer\backend\node_modules\mongoose\lib\query.js:4797:80)
    at process.processTicksAndRejections (node:internal/process/task_queues:104:5)
    at async registerUser (C:\Users\user\OneDrive\Desktop\SyntaxSquad-AiInvoiceAnalyzer\backend\controllers\authController.js:18:24)
Registration Server Error: MongooseError: Cannot call `users.findOne()` before initial connection is complete if `bufferCommands = false`. Make sure you `await mongoose.connect()` if you have `bufferCommands = false`.
    at NativeCollection.<computed> [as findOne] (C:\Users\user\OneDrive\Desktop\SyntaxSquad-AiInvoiceAnalyzer\backend\node_modules\mongoose\lib\drivers\node-mongodb-native\collection.js:192:15)
    at model.Query._findOne (C:\Users\user\OneDrive\Desktop\SyntaxSquad-AiInvoiceAnalyzer\backend\node_modules\mongoose\lib\query.js:2771:45)
    at model.Query.exec (C:\Users\user\OneDrive\Desktop\SyntaxSquad-AiInvoiceAnalyzer\backend\node_modules\mongoose\lib\query.js:4797:80)
    at process.processTicksAndRejections (node:internal/process/task_queues:104:5)
    at async registerUser (C:\Users\user\OneDrive\Desktop\SyntaxSquad-AiInvoiceAnalyzer\backend\controllers\authController.js:18:24)
Registration Server Error: MongooseError: Cannot call `users.findOne()` before initial connection is complete if `bufferCommands = false`. Make sure you `await mongoose.connect()` if you have `bufferCommands = false`.
    at NativeCollection.<computed> [as findOne] (C:\Users\user\OneDrive\Desktop\SyntaxSquad-AiInvoiceAnalyzer\backend\node_modules\mongoose\lib\drivers\node-mongodb-native\collection.js:192:15)
    at model.Query._findOne (C:\Users\user\OneDrive\Desktop\SyntaxSquad-AiInvoiceAnalyzer\backend\node_modules\mongoose\lib\query.js:2771:45)
    at model.Query.exec (C:\Users\user\OneDrive\Desktop\SyntaxSquad-AiInvoiceAnalyzer\backend\node_modules\mongoose\lib\query.js:4797:80)
    at process.processTicksAndRejections (node:internal/process/task_queues:104:5)
    at async registerUser (C:\Users\user\OneDrive\Desktop\SyntaxSquad-AiInvoiceAnalyzer\backend\controllers\authController.js:18:24)
Registration Server Error: MongooseError: Cannot call `users.findOne()` before initial connection is complete if `bufferCommands = false`. Make sure you `await mongoose.connect()` if you have `bufferCommands = false`.
    at NativeCollection.<computed> [as findOne] (C:\Users\user\OneDrive\Desktop\SyntaxSquad-AiInvoiceAnalyzer\backend\node_modules\mongoose\lib\drivers\node-mongodb-native\collection.js:192:15)
    at model.Query._findOne (C:\Users\user\OneDrive\Desktop\SyntaxSquad-AiInvoiceAnalyzer\backend\node_modules\mongoose\lib\query.js:2771:45)
    at model.Query.exec (C:\Users\user\OneDrive\Desktop\SyntaxSquad-AiInvoiceAnalyzer\backend\node_modules\mongoose\lib\query.js:4797:80)
    at process.processTicksAndRejections (node:internal/process/task_queues:104:5)
    at async registerUser (C:\Users\user\OneDrive\Desktop\SyntaxSquad-AiInvoiceAnalyzer\backend\controllers\authController.js:18:24)
